app/build/intermediates/manifest_merge_blame_file/debug/manifest-merger-blame-debug-report.txt
1<?xml version="1.0" encoding="utf-8"?>
2<manifest xmlns:android="http://schemas.android.com/apk/res/android"
3    package="com.binainsanlesatari.aksis"
4    android:versionCode="1"
5    android:versionName="1.0" >
6
7    <uses-sdk
8        android:minSdkVersion="24"
8-->src\main\AndroidManifest.xml
9        android:targetSdkVersion="29" />
9-->src\main\AndroidManifest.xml
10
11    <uses-permission android:name="android.permission.INTERNET" />
11-->src\main\AndroidManifest.xml:5:5-67
11-->src\main\AndroidManifest.xml:5:22-64
12    <uses-permission android:name="android.permission.ACCESS_NETWORK_STATE" />
12-->src\main\AndroidManifest.xml:6:5-79
12-->src\main\AndroidManifest.xml:6:22-76
13    <uses-permission android:name="android.permission.READ_EXTERNAL_STORAGE" />
13-->src\main\AndroidManifest.xml:7:5-80
13-->src\main\AndroidManifest.xml:7:22-77
14    <uses-permission android:name="android.permission.WRITE_EXTERNAL_STORAGE" />
14-->src\main\AndroidManifest.xml:8:5-81
14-->src\main\AndroidManifest.xml:8:22-78
15    <uses-permission android:name="android.permission.CAMERA" />
15-->src\main\AndroidManifest.xml:9:5-65
15-->src\main\AndroidManifest.xml:9:22-62
16
17    <application
17-->src\main\AndroidManifest.xml:11:5-81:19
18        android:allowBackup="true"
18-->src\main\AndroidManifest.xml:12:9-35
19        android:appComponentFactory="androidx.core.app.CoreComponentFactory"
19-->[androidx.core:core:1.1.0] AndroidManifest.xml:24:18-86
20        android:debuggable="true"
21        android:icon="@mipmap/ic_launcher"
21-->src\main\AndroidManifest.xml:13:9-43
22        android:label="@string/app_name"
22-->src\main\AndroidManifest.xml:14:9-41
23        android:roundIcon="@mipmap/ic_launcher_round"
23-->src\main\AndroidManifest.xml:15:9-54
24        android:supportsRtl="true"
24-->src\main\AndroidManifest.xml:16:9-35
25        android:testOnly="true"
26        android:theme="@style/AppTheme"
26-->src\main\AndroidManifest.xml:17:9-40
27        android:usesCleartextTraffic="true" >
27-->src\main\AndroidManifest.xml:18:9-44
28        <activity android:name="com.binainsanlesatari.aksis.ViewGuru.Izin.DetailPermohonanIzin" />
28-->src\main\AndroidManifest.xml:19:9-81
28-->src\main\AndroidManifest.xml:19:19-69
29        <activity android:name="com.binainsanlesatari.aksis.ViewSiswa.EditProfileSiswa" />
29-->src\main\AndroidManifest.xml:20:9-64
29-->src\main\AndroidManifest.xml:20:19-61
30        <activity android:name="com.binainsanlesatari.aksis.ViewSiswa.laporan_pelajaran_siswa" />
30-->src\main\AndroidManifest.xml:21:9-71
30-->src\main\AndroidManifest.xml:21:19-68
31        <activity android:name="com.binainsanlesatari.aksis.ViewSiswa.Suratpermohonan" />
31-->src\main\AndroidManifest.xml:22:9-63
31-->src\main\AndroidManifest.xml:22:19-60
32        <activity android:name="com.binainsanlesatari.aksis.ViewGuru.InputNilai.UpdateNilai.UpdateNilaiTugas" />
32-->src\main\AndroidManifest.xml:23:9-86
32-->src\main\AndroidManifest.xml:23:19-83
33        <activity android:name="com.binainsanlesatari.aksis.ViewGuru.Siswa.ProfileSiswa" />
33-->src\main\AndroidManifest.xml:24:9-65
33-->src\main\AndroidManifest.xml:24:19-62
34        <activity android:name="com.binainsanlesatari.aksis.ViewGuru.LaporanPelajaran.addLaporanPelajaran" />
34-->src\main\AndroidManifest.xml:25:9-83
34-->src\main\AndroidManifest.xml:25:19-80
35        <activity android:name="com.binainsanlesatari.aksis.ViewGuru.LaporanPelajaran.LaporanPelajaranSiswa" />
35-->src\main\AndroidManifest.xml:26:9-85
35-->src\main\AndroidManifest.xml:26:19-82
36        <activity android:name="com.binainsanlesatari.aksis.ViewGuru.PanggilanOrtu.PanggilanOrtu" />
36-->src\main\AndroidManifest.xml:27:9-74
36-->src\main\AndroidManifest.xml:27:19-71
37        <activity android:name="com.binainsanlesatari.aksis.ViewGuru.PanggilanOrtu.AddPanggilanOrtu" />
37-->src\main\AndroidManifest.xml:28:9-77
37-->src\main\AndroidManifest.xml:28:19-74
38        <activity android:name="com.binainsanlesatari.aksis.ViewGuru.PermohonanIzin" />
38-->src\main\AndroidManifest.xml:29:9-61
38-->src\main\AndroidManifest.xml:29:19-58
39        <activity android:name="com.binainsanlesatari.aksis.ViewGuru.Ketidakhadiran" />
39-->src\main\AndroidManifest.xml:30:9-61
39-->src\main\AndroidManifest.xml:30:19-58
40        <activity android:name="com.binainsanlesatari.aksis.ViewGuru.ChangePassword" />
40-->src\main\AndroidManifest.xml:31:9-61
40-->src\main\AndroidManifest.xml:31:19-58
41        <activity android:name="com.binainsanlesatari.aksis.ViewGuru.Konseling.InputKonseling" />
41-->src\main\AndroidManifest.xml:32:9-71
41-->src\main\AndroidManifest.xml:32:19-68
42        <activity android:name="com.binainsanlesatari.aksis.ViewGuru.Prestasi.InputPrestasiSiswa" />
42-->src\main\AndroidManifest.xml:33:9-74
42-->src\main\AndroidManifest.xml:33:19-71
43        <activity android:name="com.binainsanlesatari.aksis.ViewGuru.InputNilai.GetNilai.GetNilaiUAS" />
43-->src\main\AndroidManifest.xml:34:9-78
43-->src\main\AndroidManifest.xml:34:19-75
44        <activity android:name="com.binainsanlesatari.aksis.ViewGuru.InputNilai.GetNilai.GetNilaiTugas" />
44-->src\main\AndroidManifest.xml:35:9-80
44-->src\main\AndroidManifest.xml:35:19-77
45        <activity android:name="com.binainsanlesatari.aksis.ViewGuru.InputNilai.GetNilai.GetNilaiUTS" />
45-->src\main\AndroidManifest.xml:36:9-78
45-->src\main\AndroidManifest.xml:36:19-75
46        <activity android:name="com.binainsanlesatari.aksis.ViewGuru.TakeAllStudents" />
46-->src\main\AndroidManifest.xml:37:9-62
46-->src\main\AndroidManifest.xml:37:19-59
47        <activity android:name="com.binainsanlesatari.aksis.ViewGuru.PenelusuranAlumni.InsertPenelusuranAlumni.InsertAlumni" />
47-->src\main\AndroidManifest.xml:38:9-101
47-->src\main\AndroidManifest.xml:38:19-98
48        <activity android:name="com.binainsanlesatari.aksis.ViewGuru.InputNilai.GetNilai.GetNilaiUH" />
48-->src\main\AndroidManifest.xml:39:9-77
48-->src\main\AndroidManifest.xml:39:19-74
49        <activity android:name="com.binainsanlesatari.aksis.ViewGuru.HomeVisit.InputHomeVisit.InsertHomeVisit" />
49-->src\main\AndroidManifest.xml:40:9-87
49-->src\main\AndroidManifest.xml:40:19-84
50        <activity android:name="com.binainsanlesatari.aksis.ViewGuru.HomeVisit.CatatanHomeVisit" />
50-->src\main\AndroidManifest.xml:41:9-73
50-->src\main\AndroidManifest.xml:41:19-70
51        <activity android:name="com.binainsanlesatari.aksis.ViewGuru.Konseling.CatatanKoseling" />
51-->src\main\AndroidManifest.xml:42:9-72
51-->src\main\AndroidManifest.xml:42:19-69
52        <activity android:name="com.binainsanlesatari.aksis.ViewGuru.PenelusuranAlumni.PenelusuranAlumni" />
52-->src\main\AndroidManifest.xml:43:9-82
52-->src\main\AndroidManifest.xml:43:19-79
53        <activity android:name="com.binainsanlesatari.aksis.ViewGuru.Kehadiran.KehadiranSiswa" />
53-->src\main\AndroidManifest.xml:44:9-71
53-->src\main\AndroidManifest.xml:44:19-68
54        <activity android:name="com.binainsanlesatari.aksis.ViewGuru.MainFragment" />
54-->src\main\AndroidManifest.xml:45:9-59
54-->src\main\AndroidManifest.xml:45:19-56
55        <activity android:name="com.binainsanlesatari.aksis.ViewSiswa.LoginSiswa" />
55-->src\main\AndroidManifest.xml:46:9-58
55-->src\main\AndroidManifest.xml:46:19-55
56        <activity android:name="com.binainsanlesatari.aksis.ViewGuru.Pelanggaran.inputPelanggaran.mainInputPelanggaran" />
56-->src\main\AndroidManifest.xml:47:9-96
56-->src\main\AndroidManifest.xml:47:19-93
57        <activity android:name="com.binainsanlesatari.aksis.IntroApps" />
57-->src\main\AndroidManifest.xml:48:9-47
57-->src\main\AndroidManifest.xml:48:19-44
58        <activity android:name="com.binainsanlesatari.aksis.ViewGuru.Rating.Rating" />
58-->src\main\AndroidManifest.xml:49:9-60
58-->src\main\AndroidManifest.xml:49:19-57
59        <activity android:name="com.binainsanlesatari.aksis.ViewGuru.InputNilai.InputNilai_UAS" />
59-->src\main\AndroidManifest.xml:50:9-72
59-->src\main\AndroidManifest.xml:50:19-69
60        <activity android:name="com.binainsanlesatari.aksis.ViewGuru.InputNilai.InputNilai_UTS" />
60-->src\main\AndroidManifest.xml:51:9-72
60-->src\main\AndroidManifest.xml:51:19-69
61        <activity android:name="com.binainsanlesatari.aksis.ViewGuru.InputNilai.InputNilai_Tugas" />
61-->src\main\AndroidManifest.xml:52:9-74
61-->src\main\AndroidManifest.xml:52:19-71
62        <activity android:name="com.binainsanlesatari.aksis.ViewGuru.Prestasi.Prestasi" />
62-->src\main\AndroidManifest.xml:53:9-64
62-->src\main\AndroidManifest.xml:53:19-61
63        <activity android:name="com.binainsanlesatari.aksis.ViewGuru.Pelanggaran.Pelanggaran" />
63-->src\main\AndroidManifest.xml:54:9-70
63-->src\main\AndroidManifest.xml:54:19-67
64        <activity android:name="com.binainsanlesatari.aksis.ViewGuru.Pelanggaran.dataPelanggaran.getPelanggaran" />
64-->src\main\AndroidManifest.xml:55:9-89
64-->src\main\AndroidManifest.xml:55:19-86
65        <activity android:name="com.binainsanlesatari.aksis.ViewGuru.Pelanggaran.dataPelanggaran.ViewPelanggaran" />
65-->src\main\AndroidManifest.xml:56:9-90
65-->src\main\AndroidManifest.xml:56:19-87
66        <activity android:name="com.binainsanlesatari.aksis.ViewGuru.Siswa.GetSiswa" />
66-->src\main\AndroidManifest.xml:57:9-61
66-->src\main\AndroidManifest.xml:57:19-58
67        <activity android:name="com.binainsanlesatari.aksis.ViewGuru.EditProfileGuru" />
67-->src\main\AndroidManifest.xml:58:9-62
67-->src\main\AndroidManifest.xml:58:19-59
68        <activity android:name="com.binainsanlesatari.aksis.ViewGuru.InputNilai.InputNilai_UH" />
68-->src\main\AndroidManifest.xml:59:9-71
68-->src\main\AndroidManifest.xml:59:19-68
69        <activity android:name="com.binainsanlesatari.aksis.ViewGuru.InputNilaiGuru" />
69-->src\main\AndroidManifest.xml:60:9-61
69-->src\main\AndroidManifest.xml:60:19-58
70        <activity android:name="com.binainsanlesatari.aksis.ViewGuru.Siswa.ViewKelas" />
70-->src\main\AndroidManifest.xml:61:9-62
70-->src\main\AndroidManifest.xml:61:19-59
71        <activity android:name="com.binainsanlesatari.aksis.ViewSiswa.MainFragmentSiswa" />
71-->src\main\AndroidManifest.xml:62:9-65
71-->src\main\AndroidManifest.xml:62:19-62
72        <activity android:name="com.binainsanlesatari.aksis.WelcomeLogin" />
72-->src\main\AndroidManifest.xml:63:9-50
72-->src\main\AndroidManifest.xml:63:19-47
73        <activity android:name="com.binainsanlesatari.aksis.ViewGuru.LoginGuru" />
73-->src\main\AndroidManifest.xml:64:9-56
73-->src\main\AndroidManifest.xml:64:19-53
74        <activity android:name="com.binainsanlesatari.aksis.SplashScreen" >
74-->src\main\AndroidManifest.xml:65:9-76:20
74-->src\main\AndroidManifest.xml:65:19-47
75            <intent-filter>
75-->src\main\AndroidManifest.xml:66:13-71:29
76                <action android:name="android.intent.action.MAIN" />
76-->src\main\AndroidManifest.xml:67:17-69
76-->src\main\AndroidManifest.xml:67:25-66
77                <action android:name="android.intent.action.SEARCH" />
77-->src\main\AndroidManifest.xml:68:17-71
77-->src\main\AndroidManifest.xml:68:25-68
78
79                <category android:name="android.intent.category.LAUNCHER" />
79-->src\main\AndroidManifest.xml:70:17-77
79-->src\main\AndroidManifest.xml:70:27-74
80            </intent-filter>
81
82            <meta-data
82-->src\main\AndroidManifest.xml:73:13-75:54
83                android:name="android.app.searchable"
83-->src\main\AndroidManifest.xml:74:17-54
84                android:resource="@xml/searchable" />
84-->src\main\AndroidManifest.xml:75:17-51
85        </activity>
86
87        <meta-data
87-->src\main\AndroidManifest.xml:78:9-80:57
88            android:name="preloaded_fonts"
88-->src\main\AndroidManifest.xml:79:13-43
89            android:resource="@array/preloaded_fonts" />
89-->src\main\AndroidManifest.xml:80:13-54
90    </application>
91
92</manifest>